Started at Sat Apr 18 23:39:58 GMT 2020
Processing playground-service/master
Offering playground-service/master to Project Build Discarder
playground-service/master accepted by Project Build Discarder
Finished at Sat Apr 18 23:39:58 GMT 2020. 2ms
Started at Sun Apr 19 00:39:58 GMT 2020
Processing playground-service/master
Offering playground-service/master to Project Build Discarder
playground-service/master accepted by Project Build Discarder
Finished at Sun Apr 19 00:39:58 GMT 2020. 1ms
Started at Sun Apr 19 01:39:58 GMT 2020
Processing playground-service/master
Offering playground-service/master to Project Build Discarder
playground-service/master accepted by Project Build Discarder
Finished at Sun Apr 19 01:39:58 GMT 2020. 1ms
Started at Sun Apr 19 12:43:16 GMT 2020
Processing playground-service/master
Offering playground-service/master to Project Build Discarder
playground-service/master accepted by Project Build Discarder
Finished at Sun Apr 19 12:43:16 GMT 2020. 1ms
Started at Sun Apr 19 13:43:16 GMT 2020
Processing playground-service/master
Offering playground-service/master to Project Build Discarder
playground-service/master accepted by Project Build Discarder
Finished at Sun Apr 19 13:43:16 GMT 2020. 2ms
Started at Sun Apr 19 14:43:16 GMT 2020
Processing playground-service/master
Offering playground-service/master to Project Build Discarder
playground-service/master accepted by Project Build Discarder
Finished at Sun Apr 19 14:43:16 GMT 2020. 1ms
Started at Sun Apr 19 15:43:16 GMT 2020
Processing playground-service/master
Offering playground-service/master to Project Build Discarder
playground-service/master accepted by Project Build Discarder
Finished at Sun Apr 19 15:43:16 GMT 2020. 1ms
